d:\userdata\desktop\lily\lily\x64\exe\vc143.pdb
d:\userdata\desktop\lily\lily\x64\exe\vector.obj
d:\userdata\desktop\lily\lily\x64\exe\transform.obj
d:\userdata\desktop\lily\lily\x64\exe\rotator.obj
d:\userdata\desktop\lily\lily\x64\exe\quat.obj
d:\userdata\desktop\lily\lily\x64\exe\pubg_struct.obj
d:\userdata\desktop\lily\lily\x64\exe\pubg_class_ue4.obj
d:\userdata\desktop\lily\lily\x64\exe\pubg_class_pubg.obj
d:\userdata\desktop\lily\lily\x64\exe\matrix.obj
d:\userdata\desktop\lily\lily\x64\exe\inthandler.obj
d:\userdata\desktop\lily\lily\x64\exe\imgui_widgets.obj
d:\userdata\desktop\lily\lily\x64\exe\imgui_tables.obj
d:\userdata\desktop\lily\lily\x64\exe\imgui_impl_win32.obj
d:\userdata\desktop\lily\lily\x64\exe\imgui_impl_dx9_custom.obj
d:\userdata\desktop\lily\lily\x64\exe\imgui_draw.obj
d:\userdata\desktop\lily\lily\x64\exe\imgui.obj
d:\userdata\desktop\lily\lily\x64\exe\hack_render.obj
d:\userdata\desktop\lily\lily\x64\exe\hack_main.obj
d:\userdata\desktop\lily\lily\x64\exe\crtmain.obj
d:\userdata\desktop\lily\x64\exe\lily.exe
d:\userdata\desktop\lily\lily\x64\exe\lily.ipdb
d:\userdata\desktop\lily\lily\x64\exe\lily.iobj
d:\userdata\desktop\lily\x64\exe\lily.pdb
d:\userdata\desktop\lily\lily\x64\exe\kernelstack.obj
d:\userdata\desktop\lily\lily\x64\exe\xenuine.obj
d:\userdata\desktop\lily\lily\x64\exe\lily.tlog\cl.command.1.tlog
d:\userdata\desktop\lily\lily\x64\exe\lily.tlog\cl.read.1.tlog
d:\userdata\desktop\lily\lily\x64\exe\lily.tlog\cl.write.1.tlog
d:\userdata\desktop\lily\lily\x64\exe\lily.tlog\link.command.1.tlog
d:\userdata\desktop\lily\lily\x64\exe\lily.tlog\link.read.1.tlog
d:\userdata\desktop\lily\lily\x64\exe\lily.tlog\link.write.1.tlog
d:\userdata\desktop\lily\lily\x64\exe\lily.tlog\masm.read.1u.tlog
d:\userdata\desktop\lily\lily\x64\exe\lily.tlog\masm.write.1u.tlog
