d:\userdata\desktop\lily\lily\x64\dll\vc143.pdb
d:\userdata\desktop\lily\lily\x64\dll\vector.obj
d:\userdata\desktop\lily\lily\x64\dll\transform.obj
d:\userdata\desktop\lily\lily\x64\dll\rotator.obj
d:\userdata\desktop\lily\lily\x64\dll\quat.obj
d:\userdata\desktop\lily\lily\x64\dll\pubg_struct.obj
d:\userdata\desktop\lily\lily\x64\dll\pubg_class_ue4.obj
d:\userdata\desktop\lily\lily\x64\dll\pubg_class_pubg.obj
d:\userdata\desktop\lily\lily\x64\dll\matrix.obj
d:\userdata\desktop\lily\lily\x64\dll\inthandler.obj
d:\userdata\desktop\lily\lily\x64\dll\imgui_widgets.obj
d:\userdata\desktop\lily\lily\x64\dll\imgui_tables.obj
d:\userdata\desktop\lily\lily\x64\dll\imgui_impl_win32.obj
d:\userdata\desktop\lily\lily\x64\dll\imgui_impl_dx9_custom.obj
d:\userdata\desktop\lily\lily\x64\dll\imgui_draw.obj
d:\userdata\desktop\lily\lily\x64\dll\imgui.obj
d:\userdata\desktop\lily\lily\x64\dll\hack_render.obj
d:\userdata\desktop\lily\lily\x64\dll\hack_main.obj
d:\userdata\desktop\lily\lily\x64\dll\dllmain.obj
d:\userdata\desktop\lily\lily\x64\dll\crtmain.obj
d:\userdata\desktop\lily\lily\x64\dll\lily.tlog\cl.command.1.tlog
d:\userdata\desktop\lily\lily\x64\dll\lily.tlog\cl.read.1.tlog
d:\userdata\desktop\lily\lily\x64\dll\lily.tlog\cl.write.1.tlog
d:\userdata\desktop\lily\lily\x64\dll\lily.tlog\link.command.1.tlog
d:\userdata\desktop\lily\lily\x64\dll\lily.tlog\link.read.1.tlog
d:\userdata\desktop\lily\lily\x64\dll\lily.tlog\link.write.1.tlog
